0 silly argv {
0 silly argv   _: [ 'version' ],
0 silly argv   lernaVersion: '6.2.0',
0 silly argv   '$0': '../node_modules/lerna/cli.js'
0 silly argv }
1 notice cli v6.2.0
2 verbose rootPath /home/dev/repos/oauth2-server-redwood
3 info current version 0.1.1
4 silly isAnythingCommitted
5 verbose isAnythingCommitted 1
6 silly getCurrentBranch
7 verbose currentBranch window-object-issue
8 silly remoteBranchExists
9 silly isBehindUpstream
10 silly isBehindUpstream window-object-issue is behind origin/window-object-issue by 0 commit(s) and ahead by 0
11 silly hasTags
12 verbose hasTags true
13 silly git-describe.sync "v0.1.1-1-g972e700" => {"lastTagName":"v0.1.1","lastVersion":"v0.1.1","refCount":"1","sha":"972e700","isDirty":false}
14 info Looking for changed packages since v0.1.1
15 silly checking diff api
16 silly no diff found in api
17 silly checking diff packages/oauth2-server
18 silly found diff in packages/oauth2-server/babel.config.json
18 silly found diff in packages/oauth2-server/package.json
18 silly found diff in packages/oauth2-server/src/index.js
19 verbose filtered diff [
19 verbose filtered diff   'packages/oauth2-server/babel.config.json',
19 verbose filtered diff   'packages/oauth2-server/package.json',
19 verbose filtered diff   'packages/oauth2-server/src/index.js'
19 verbose filtered diff ]
20 silly checking diff web
21 silly no diff found in web
22 verbose updated api
23 verbose updated oauth2-server-redwood
24 info version rooted leaf detected, skipping synthetic root lifecycles
25 verbose git-describe undefined => "v0.1.1-1-g972e700"
26 silly git-describe parsed => {"lastTagName":"v0.1.1","lastVersion":"v0.1.1","refCount":"1","sha":"972e700","isDirty":false}
27 info execute Skipping releases
28 silly lifecycle No script for "preversion" in "oauth2-server-redwood", continuing
29 verbose version oauth2-server-redwood has no lockfile. Skipping lockfile update.
30 silly lifecycle No script for "version" in "oauth2-server-redwood", continuing
31 silly lifecycle No script for "preversion" in "api", continuing
32 verbose version api has no lockfile. Skipping lockfile update.
33 silly lifecycle No script for "version" in "api", continuing
34 silly gitAdd [
34 silly gitAdd   'packages/oauth2-server/package.json',
34 silly gitAdd   'api/package.json',
34 silly gitAdd   'lerna.json'
34 silly gitAdd ]
35 silly gitCommit v0.1.2-alpha.0
36 verbose git [ 'commit', '-m', 'v0.1.2-alpha.0' ]
37 silly gitTag v0.1.2-alpha.0
38 verbose git [ 'tag', 'v0.1.2-alpha.0', '-m', 'v0.1.2-alpha.0' ]
39 error Error: Command failed with exit code 128: git tag v0.1.2-alpha.0 -m v0.1.2-alpha.0
39 error fatal: tag 'v0.1.2-alpha.0' already exists
39 error     at makeError (/home/dev/repos/oauth2-server-redwood/node_modules/execa/lib/error.js:60:11)
39 error     at handlePromise (/home/dev/repos/oauth2-server-redwood/node_modules/execa/index.js:118:26)
39 error     at processTicksAndRejections (node:internal/process/task_queues:96:5)
39 error     at async Promise.all (index 0)
